<?xml version="1.0" ?>
<!DOCTYPE coverage SYSTEM "http://cobertura.sourceforge.net/xml/coverage-04.dtd">
<coverage lines-valid="5" lines-covered="5" line-rate="1" branches-valid="2" branches-covered="2" branch-rate="1" timestamp="1686435686065" complexity="0" version="0.1">
  <sources>
    <source>/Users/han/Work/codes/nextjs/walcron-microfrontend/walcron-microfrontend-shared</source>
  </sources>
  <packages>
    <package name="Footer" line-rate="1" branch-rate="1">
      <classes>
        <class name="index.tsx" filename="src/components/Footer/index.tsx" line-rate="1" branch-rate="1">
          <methods>
            <method name="(anonymous_0)" hits="2" signature="()V">
              <lines>
                <line number="26" hits="2"/>
              </lines>
            </method>
          </methods>
          <lines>
            <line number="18" hits="1" branch="false"/>
            <line number="26" hits="1" branch="false"/>
            <line number="31" hits="2" branch="false"/>
          </lines>
        </class>
      </classes>
    </package>
    <package name="Logo" line-rate="1" branch-rate="1">
      <classes>
        <class name="index.tsx" filename="src/components/Logo/index.tsx" line-rate="1" branch-rate="1">
          <methods>
            <method name="(anonymous_0)" hits="2" signature="()V">
              <lines>
                <line number="11" hits="2"/>
              </lines>
            </method>
          </methods>
          <lines>
            <line number="11" hits="1" branch="false"/>
            <line number="12" hits="2" branch="false"/>
          </lines>
        </class>
      </classes>
    </package>
  </packages>
</coverage>
