{"/Users/han/Work/codes/nextjs/walcron-microfrontend/walcron-microfrontend-shared/src/components/Logo/index.tsx": {"path":"/Users/han/Work/codes/nextjs/walcron-microfrontend/walcron-microfrontend-shared/src/components/Logo/index.tsx","statementMap":{"0":{"start":{"line":11,"column":13},"end":{"line":14,"column":null}},"1":{"start":{"line":12,"column":2},"end":{"line":14,"column":null}}},"fnMap":{"0":{"name":"(anonymous_0)","decl":{"start":{"line":11,"column":13},"end":{"line":11,"column":14}},"loc":{"start":{"line":12,"column":2},"end":{"line":14,"column":null}}}},"branchMap":{},"s":{"0":1,"1":2},"f":{"0":2},"b":{}}
}
